<?xml version="1.0" encoding="UTF-8"?>
<!-- Generated by org.testng.reporters.JUnitReportReporter -->
<testsuite hostname="DESKTOP-BGP7DFK" name="seleniumBasic.BloomingdalesCreateAccount" tests="1" failures="0" timestamp="9 Jun 2019 01:32:53 GMT" time="22.955" errors="0">
  <testcase name="setup" time="22.955" classname="seleniumBasic.BloomingdalesCreateAccount"/>
</testsuite> <!-- seleniumBasic.BloomingdalesCreateAccount -->
