<?xml version="1.0" encoding="UTF-8"?>
<!-- Generated by org.testng.reporters.JUnitReportReporter -->
<testsuite hostname="DESKTOP-BGP7DFK" name="seleniumBasic.Class1Basics" tests="1" failures="0" timestamp="26 May 2019 20:01:04 GMT" time="10.045" errors="0">
  <testcase name="setup" time="10.045" classname="seleniumBasic.Class1Basics"/>
</testsuite> <!-- seleniumBasic.Class1Basics -->
